<?xml version="1.0" encoding="UTF-8"?>
<testsuite xmlns:xsi="http://www.w3.org/2001/XMLSchema-instance" xsi:noNamespaceSchemaLocation="https://maven.apache.org/surefire/maven-surefire-plugin/xsd/surefire-test-report.xsd" version="3.0.2" name="pe.edu.upc.brotessapp.BrotessAppApplicationTests" time="24.077" tests="1" errors="0" skipped="0" failures="0">
  <properties>
[...]
</properties>
  <testcase name="contextLoads" classname="pe.edu.upc.brotessapp.BrotessAppApplicationTests" time="0.695">
    <system-out><![CDATA[22:25:11.432 [main] INFO org.springframework.test.context.support.AnnotationConfigContextLoaderUtils -- Could not detect default configuration classes for test class [pe.edu.upc.brotessapp.BrotessAppApplicationTests]: BrotessAppApplicationTests does not declare any static, non-private, non-final, nested classes annotated with @Configuration.
22:25:11.632 [main] INFO org.springframework.boot.test.context.SpringBootTestContextBootstrapper -- Found @SpringBootConfiguration pe.edu.upc.brotessapp.BrotessAppApplication for test class pe.edu.upc.brotessapp.BrotessAppApplicationTests
22:25:11.850 [main] INFO org.springframework.boot.devtools.restart.RestartApplicationListener -- Restart disabled due to context in which it is running

  .   ____          _            __ _ _
 /\\ / ___'_ __ _ _(_)_ __  __ _ \ \ \ \
( ( )\___ | '_ | '_| | '_ \/ _` | \ \ \ \
 \\/  ___)| |_)| | | | | || (_| |  ) ) ) )
  '  |____| .__|_| |_|_| |_\__, | / / / /
 =========|_|==============|___/=/_/_/_/

 :: Spring Boot ::                (v3.4.4)

2025-05-05T22:25:12.272-05:00  INFO 23740 --- [BrotessApp] [           main] p.e.u.b.BrotessAppApplicationTests       : Starting BrotessAppApplicationTests using Java 24.0.1 with PID 23740 (started by Usuario in D:\UPC\C6\Arquitectura de App Web\Trabajo BrotessApp\prueba seguridad\BrotessApp)
2025-05-05T22:25:12.275-05:00  INFO 23740 --- [BrotessApp] [           main] p.e.u.b.BrotessAppApplicationTests       : No active profile set, falling back to 1 default profile: "default"
2025-05-05T22:25:13.749-05:00  INFO 23740 --- [BrotessApp] [           main] .s.d.r.c.RepositoryConfigurationDelegate : Bootstrapping Spring Data JPA repositories in DEFAULT mode.
2025-05-05T22:25:13.919-05:00  INFO 23740 --- [BrotessApp] [           main] .s.d.r.c.RepositoryConfigurationDelegate : Finished Spring Data repository scanning in 158 ms. Found 12 JPA repository interfaces.
2025-05-05T22:25:14.817-05:00  INFO 23740 --- [BrotessApp] [           main] o.hibernate.jpa.internal.util.LogHelper  : HHH000204: Processing PersistenceUnitInfo [name: default]
2025-05-05T22:25:14.966-05:00  INFO 23740 --- [BrotessApp] [           main] org.hibernate.Version                    : HHH000412: Hibernate ORM core version 6.6.11.Final
2025-05-05T22:25:15.116-05:00  INFO 23740 --- [BrotessApp] [           main] o.h.c.internal.RegionFactoryInitiator    : HHH000026: Second-level cache disabled
2025-05-05T22:25:15.950-05:00  INFO 23740 --- [BrotessApp] [           main] o.s.o.j.p.SpringPersistenceUnitInfo      : No LoadTimeWeaver setup: ignoring JPA class transformer
2025-05-05T22:25:16.011-05:00  INFO 23740 --- [BrotessApp] [           main] com.zaxxer.hikari.HikariDataSource       : HikariPool-1 - Starting...
2025-05-05T22:25:18.209-05:00  INFO 23740 --- [BrotessApp] [           main] com.zaxxer.hikari.pool.HikariPool        : HikariPool-1 - Added connection org.postgresql.jdbc.PgConnection@192f5f39
2025-05-05T22:25:18.210-05:00  INFO 23740 --- [BrotessApp] [           main] com.zaxxer.hikari.HikariDataSource       : HikariPool-1 - Start completed.
2025-05-05T22:25:18.412-05:00  WARN 23740 --- [BrotessApp] [           main] org.hibernate.orm.deprecation            : HHH90000025: PostgreSQLDialect does not need to be specified explicitly using 'hibernate.dialect' (remove the property setting and it will be selected by default)
2025-05-05T22:25:18.772-05:00  INFO 23740 --- [BrotessApp] [           main] org.hibernate.orm.connections.pooling    : HHH10001005: Database info:
	Database JDBC URL [Connecting through datasource 'HikariDataSource (HikariPool-1)']
	Database driver: undefined/unknown
	Database version: 16.8
	Autocommit mode: undefined/unknown
	Isolation level: undefined/unknown
	Minimum pool size: undefined/unknown
	Maximum pool size: undefined/unknown
2025-05-05T22:25:19.955-05:00  INFO 23740 --- [BrotessApp] [           main] o.h.e.t.j.p.i.JtaPlatformInitiator       : HHH000489: No JTA platform available (set 'hibernate.transaction.jta.platform' to enable JTA platform integration)
Hibernate: set client_min_messages = WARNING
Hibernate: alter table if exists brotes drop constraint if exists FKjh128vatldx27murtrudpnpkf
Hibernate: alter table if exists contagios drop constraint if exists FK9qychbe831vmkuf3asiy933vp
Hibernate: alter table if exists contagios drop constraint if exists FK2t6lrl012jrcysnixeuxaew7d
Hibernate: alter table if exists contagios drop constraint if exists FK69hn9fe4xojpu03ql4eni4r9q
Hibernate: alter table if exists enfermedad drop constraint if exists FKtnveeob78hrnkl1io4104vp49
Hibernate: alter table if exists enfermedad drop constraint if exists FKcv2ag24ax4w6l1d5f883is49o
Hibernate: alter table if exists enfermedad_sintomase drop constraint if exists FK2plt581fj8gjvobeljmr2gm43
Hibernate: alter table if exists enfermedad_sintomase drop constraint if exists FKsp6n3aya6v1x9n9no40ebb1er
Hibernate: alter table if exists notificacion drop constraint if exists FKoyjjdjipqx5cugg8f5wqvbv9k
Hibernate: alter table if exists prevenciones drop constraint if exists FKomgojx1jut5le4tv1jrw21fkx
Hibernate: alter table if exists usuario drop constraint if exists FKshkwj12wg6vkm6iuwhvcfpct8
Hibernate: alter table if exists usuario drop constraint if exists FKnl7so0gme10yygm1a1g7cc742
Hibernate: drop table if exists brotes cascade
Hibernate: drop table if exists contagios cascade
Hibernate: drop table if exists enfermedad cascade
Hibernate: drop table if exists enfermedad_sintomase cascade
Hibernate: drop table if exists notificacion cascade
Hibernate: drop table if exists prevenciones cascade
Hibernate: drop table if exists rol cascade
Hibernate: drop table if exists sintomas_enfermedad cascade
Hibernate: drop table if exists tipo_enfermedad cascade
Hibernate: drop table if exists tipo_transmision cascade
Hibernate: drop table if exists usuario cascade
Hibernate: drop table if exists zona cascade
Hibernate: create table brotes (fecha_fin date, fecha_inicio date not null, id_brote integer generated by default as identity, id_contagio integer unique, primary key (id_brote))
Hibernate: create table contagios (fecha_contagio date not null, hora_contagio time(6) not null, id_contagio integer generated by default as identity, id_enfermedad integer, id_usuario integer, id_zona integer, primary key (id_contagio))
Hibernate: create table enfermedad (id_enfermedad integer generated by default as identity, id_tipoe integer, id_tipot integer, nombre varchar(60) not null, descripcion_enfermedad TEXT not null, primary key (id_enfermedad))
Hibernate: create table enfermedad_sintomase (id_enfermedad integer, id_enfermedadse integer generated by default as identity, id_sintomase integer, primary key (id_enfermedadse))
Hibernate: create table notificacion (fecha_envio date not null, id_brote integer unique, id_notificacion integer generated by default as identity, estado varchar(20) not null, titulo varchar(50) not null, contenido varchar(300) not null, primary key (id_notificacion))
Hibernate: create table prevenciones (id_prevencion integer generated by default as identity, id_tipoe integer, descripcion_prevencion TEXT not null, primary key (id_prevencion))
Hibernate: create table rol (id_rol integer generated by default as identity, rol varchar(20) not null, primary key (id_rol))
Hibernate: create table sintomas_enfermedad (id_sintomase integer generated by default as identity, nombre_sintoma varchar(100) not null, primary key (id_sintomase))
Hibernate: create table tipo_enfermedad (id_tipoe integer generated by default as identity, nombre_tipoe varchar(60) not null, primary key (id_tipoe))
Hibernate: create table tipo_transmision (id_tipot integer generated by default as identity, transmision varchar(60) not null, primary key (id_tipot))
Hibernate: create table usuario (enabled boolean, id_usuario integer generated by default as identity, id_zona integer unique, rol_id integer not null, apellido varchar(40) not null, nombre varchar(40) not null, password varchar(200) not null, username varchar(200) not null unique, primary key (id_usuario))
Hibernate: create table zona (id_zona integer generated by default as identity, latitud numeric(9,6), longitud numeric(9,6), distrito varchar(60) not null, provincia varchar(60) not null, primary key (id_zona))
Hibernate: alter table if exists brotes add constraint FKjh128vatldx27murtrudpnpkf foreign key (id_contagio) references contagios
Hibernate: alter table if exists contagios add constraint FK9qychbe831vmkuf3asiy933vp foreign key (id_enfermedad) references enfermedad
Hibernate: alter table if exists contagios add constraint FK2t6lrl012jrcysnixeuxaew7d foreign key (id_usuario) references usuario
Hibernate: alter table if exists contagios add constraint FK69hn9fe4xojpu03ql4eni4r9q foreign key (id_zona) references zona
Hibernate: alter table if exists enfermedad add constraint FKtnveeob78hrnkl1io4104vp49 foreign key (id_tipoe) references tipo_enfermedad
Hibernate: alter table if exists enfermedad add constraint FKcv2ag24ax4w6l1d5f883is49o foreign key (id_tipot) references tipo_transmision
Hibernate: alter table if exists enfermedad_sintomase add constraint FK2plt581fj8gjvobeljmr2gm43 foreign key (id_enfermedad) references enfermedad
Hibernate: alter table if exists enfermedad_sintomase add constraint FKsp6n3aya6v1x9n9no40ebb1er foreign key (id_sintomase) references sintomas_enfermedad
Hibernate: alter table if exists notificacion add constraint FKoyjjdjipqx5cugg8f5wqvbv9k foreign key (id_brote) references brotes
Hibernate: alter table if exists prevenciones add constraint FKomgojx1jut5le4tv1jrw21fkx foreign key (id_tipoe) references tipo_enfermedad
Hibernate: alter table if exists usuario add constraint FKshkwj12wg6vkm6iuwhvcfpct8 foreign key (rol_id) references rol
Hibernate: alter table if exists usuario add constraint FKnl7so0gme10yygm1a1g7cc742 foreign key (id_zona) references zona
2025-05-05T22:25:28.905-05:00  INFO 23740 --- [BrotessApp] [           main] j.LocalContainerEntityManagerFactoryBean : Initialized JPA EntityManagerFactory for persistence unit 'default'
2025-05-05T22:25:29.317-05:00  INFO 23740 --- [BrotessApp] [           main] o.s.d.j.r.query.QueryEnhancerFactory     : Hibernate is in classpath; If applicable, HQL parser will be used.
2025-05-05T22:25:30.441-05:00  WARN 23740 --- [BrotessApp] [           main] JpaBaseConfiguration$JpaWebConfiguration : spring.jpa.open-in-view is enabled by default. Therefore, database queries may be performed during view rendering. Explicitly configure spring.jpa.open-in-view to disable this warning
2025-05-05T22:25:30.656-05:00  WARN 23740 --- [BrotessApp] [           main] r$InitializeUserDetailsManagerConfigurer : Global AuthenticationManager configured with an AuthenticationProvider bean. UserDetailsService beans will not be used by Spring Security for automatically configuring username/password login. Consider removing the AuthenticationProvider bean. Alternatively, consider using the UserDetailsService in a manually instantiated DaoAuthenticationProvider. If the current configuration is intentional, to turn off this warning, increase the logging level of 'org.springframework.security.config.annotation.authentication.configuration.InitializeUserDetailsBeanManagerConfigurer' to ERROR
2025-05-05T22:25:31.151-05:00  WARN 23740 --- [BrotessApp] [           main] thorizationManagerRequestMatcherRegistry : One of the patterns in [/swagger-ui/**, /v3/api-docs/**, usuarios/registro-usuarios, roles/lista, zonas/inserta, zonas/lista-sa] is missing a leading slash. This is discouraged; please include the leading slash in all your request matcher patterns. In future versions of Spring Security, leaving out the leading slash will result in an exception.
2025-05-05T22:25:31.461-05:00  INFO 23740 --- [BrotessApp] [           main] o.s.v.b.OptionalValidatorFactoryBean     : Failed to set up a Bean Validation provider: jakarta.validation.NoProviderFoundException: Unable to create a Configuration, because no Jakarta Bean Validation provider could be found. Add a provider like Hibernate Validator (RI) to your classpath.
2025-05-05T22:25:31.780-05:00  INFO 23740 --- [BrotessApp] [           main] p.e.u.b.BrotessAppApplicationTests       : Started BrotessAppApplicationTests in 19.946 seconds (process running for 21.237)
Hibernate: select r1_0.id_rol,r1_0.rol from rol r1_0 where r1_0.rol=?
Hibernate: insert into rol (rol) values (?)
Hibernate: insert into zona (distrito,latitud,longitud,provincia) values (?,?,?,?)
Hibernate: select u1_0.id_usuario from usuario u1_0 where u1_0.username=? fetch first ? rows only
Hibernate: insert into usuario (apellido,enabled,nombre,password,rol_id,username,id_zona) values (?,?,?,?,?,?,?)
Hibernate: select r1_0.id_rol,r1_0.rol from rol r1_0 where r1_0.rol=?
Hibernate: insert into rol (rol) values (?)
Hibernate: select r1_0.id_rol,r1_0.rol from rol r1_0 where r1_0.rol=?
Hibernate: insert into rol (rol) values (?)
]]></system-out>
    <system-err><![CDATA[Mockito is currently self-attaching to enable the inline-mock-maker. This will no longer work in future releases of the JDK. Please add Mockito as an agent to your build what is described in Mockito's documentation: https://javadoc.io/doc/org.mockito/mockito-core/latest/org/mockito/Mockito.html#0.3
WARNING: A Java agent has been loaded dynamically (C:\Users\Usuario\.m2\repository\net\bytebuddy\byte-buddy-agent\1.15.11\byte-buddy-agent-1.15.11.jar)
WARNING: If a serviceability tool is in use, please run with -XX:+EnableDynamicAgentLoading to hide this warning
WARNING: If a serviceability tool is not in use, please run with -Djdk.instrument.traceUsage for more information
WARNING: Dynamic loading of agents will be disallowed by default in a future release
]]></system-err>
  </testcase>
</testsuite>